select 
    'pf part+cluster min', 
	partid, 
	clusterdid, 
	num_col1, 
	CURRENT_TIMESTAMP() t 
from 
`ml_dataset.bigdata_for_ev`
where partid = 10 
and   clusterdid=9500000; -- at [2:1]
+---------------------+--------+------------+----------+---------------------+
|         f0_         | partid | clusterdid | num_col1 |          t          |
+---------------------+--------+------------+----------+---------------------+
| pf part+cluster min |     10 |    9500000 | 18500113 | 2023-12-17 01:38:17 |
+---------------------+--------+------------+----------+---------------------+
+-----------------------------+-------------------+----------------------+-----------+
|            query            |   processed_MB    |     Charges_yen      | cache_hit |
+-----------------------------+-------------------+----------------------+-----------+
| select                      | 9.678291320800781 | 0.009451456367969513 |     false |
|     'pf part+cluster min',  |                   |                      |           |
| 	partid,                              |                   |                      |           |
| 	clusterdid,                              |                   |                      |           |
| 	num_col1,                              |                   |                      |           |
| 	CURRENT_TIMESTAMP() t                              |                   |                      |           |
| from                        |                   |                      |           |
| `ml_dataset.bigdata_for_ev` |                   |                      |           |
| where partid = 10           |                   |                      |           |
| and   clusterdid=9500000    |                   |                      |           |
+-----------------------------+-------------------+----------------------+-----------+
select 
    'pf part+cluster middle', 
	partid, 
	clusterdid, 
	num_col1, 
	CURRENT_TIMESTAMP() t 
from 
`ml_dataset.bigdata_for_ev`
where partid = 10 
and   clusterdid=10000000; -- at [2:1]
+------------------------+--------+------------+----------+---------------------+
|          f0_           | partid | clusterdid | num_col1 |          t          |
+------------------------+--------+------------+----------+---------------------+
| pf part+cluster middle |     10 |   10000000 | 32993260 | 2023-12-17 01:44:01 |
+------------------------+--------+------------+----------+---------------------+
+--------------------------------+--------------------+----------------------+-----------+
|             query              |    processed_MB    |     Charges_yen      | cache_hit |
+--------------------------------+--------------------+----------------------+-----------+
| select                         | 10.361503601074219 | 0.010118655860424042 |     false |
|     'pf part+cluster middle',  |                    |                      |           |
| 	partid,                                 |                    |                      |           |
| 	clusterdid,                                 |                    |                      |           |
| 	num_col1,                                 |                    |                      |           |
| 	CURRENT_TIMESTAMP() t                                 |                    |                      |           |
| from                           |                    |                      |           |
| `ml_dataset.bigdata_for_ev`    |                    |                      |           |
| where partid = 10              |                    |                      |           |
| and   clusterdid=10000000      |                    |                      |           |
+--------------------------------+--------------------+----------------------+-----------+
select 
    'pf part+cluster max', 
	partid, 
	clusterdid, 
	num_col1, 
	CURRENT_TIMESTAMP() t 
from 
`ml_dataset.bigdata_for_ev`
where partid = 10 
and   clusterdid=10499999; -- at [2:1]
+---------------------+--------+------------+----------+---------------------+
|         f0_         | partid | clusterdid | num_col1 |          t          |
+---------------------+--------+------------+----------+---------------------+
| pf part+cluster max |     10 |   10499999 | 14000142 | 2023-12-17 01:45:00 |
+---------------------+--------+------------+----------+---------------------+
+-----------------------------+----------------+-----------------------+-----------+
|            query            |  processed_MB  |      Charges_yen      | cache_hit |
+-----------------------------+----------------+-----------------------+-----------+
| select                      | 2.848388671875 | 0.0027816295623779297 |     false |
|     'pf part+cluster max',  |                |                       |           |
| 	partid,                              |                |                       |           |
| 	clusterdid,                              |                |                       |           |
| 	num_col1,                              |                |                       |           |
| 	CURRENT_TIMESTAMP() t                              |                |                       |           |
| from                        |                |                       |           |
| `ml_dataset.bigdata_for_ev` |                |                       |           |
| where partid = 10           |                |                       |           |
| and   clusterdid=10499999   |                |                       |           |
+-----------------------------+----------------+-----------------------+-----------+
##############################################################################################################
##############################################################################################################
##############################################################################################################
select 
    'pf seqid only', 
	partid, 
	clusterdid, 
	seqid, 
	CURRENT_TIMESTAMP() t 
from 
`ml_dataset.bigdata_for_ev`
where seqid = 9500000; -- at [2:1]
+---------------+--------+------------+---------+---------------------+
|      f0_      | partid | clusterdid |  seqid  |          t          |
+---------------+--------+------------+---------+---------------------+
| pf seqid only |     10 |    9500000 | 9500000 | 2023-12-17 02:24:18 |
+---------------+--------+------------+---------+---------------------+
+-----------------------------+-------------------+----------------------+-----------+
|            query            |   processed_MB    |     Charges_yen      | cache_hit |
+-----------------------------+-------------------+----------------------+-----------+
| select                      | 9.678291320800781 | 0.009451456367969513 |     false |
|     'pf seqid only',        |                   |                      |           |
| 	partid,                              |                   |                      |           |
| 	clusterdid,                              |                   |                      |           |
| 	seqid,                              |                   |                      |           |
| 	CURRENT_TIMESTAMP() t                              |                   |                      |           |
| from                        |                   |                      |           |
| `ml_dataset.bigdata_for_ev` |                   |                      |           |
| where seqid = 9500000       |                   |                      |           |
+-----------------------------+-------------------+----------------------+-----------+
select 
    'pf randum colum only', 
	partid, 
	clusterdid, 
	num_col1,
	CURRENT_TIMESTAMP() t 
from 
`ml_dataset.bigdata_for_ev`
where num_col1 = 18500113; -- at [2:1]
+----------------------+--------+------------+----------+---------------------+
|         f0_          | partid | clusterdid | num_col1 |          t          |
+----------------------+--------+------------+----------+---------------------+
| pf randum colum only |     10 |    9500000 | 18500113 | 2023-12-17 02:24:59 |
+----------------------+--------+------------+----------+---------------------+
+------------------------------+--------------------+-------------------+-----------+
|            query             |    processed_MB    |    Charges_yen    | cache_hit |
+------------------------------+--------------------+-------------------+-----------+
| select                       | 2288.8927001953125 | 2.235246777534485 |     false |
|     'pf randum colum only',  |                    |                   |           |
| 	partid,                               |                    |                   |           |
| 	clusterdid,                               |                    |                   |           |
| 	num_col1,                              |                    |                   |           |
| 	CURRENT_TIMESTAMP() t                               |                    |                   |           |
| from                         |                    |                   |           |
| `ml_dataset.bigdata_for_ev`  |                    |                   |           |
| where num_col1 = 18500113    |                    |                   |           |
+------------------------------+--------------------+-------------------+-----------+
