select 
	'pf fullscan', 
	partid, 
	clusterdid, 
	num_col1, 
	CURRENT_TIMESTAMP() t  
from `ml_dataset.bigdata_for_ev` 
where num_col1=12091139; -- at [2:1]
+-------------+--------+------------+----------+---------------------+
|     f0_     | partid | clusterdid | num_col1 |          t          |
+-------------+--------+------------+----------+---------------------+
| pf fullscan |     10 |    9700146 | 12091139 | 2023-12-17 02:39:32 |
+-------------+--------+------------+----------+---------------------+
+-----------------------------------+--------------------+-------------------+-----------+
|               query               |    processed_MB    |    Charges_yen    | cache_hit |
+-----------------------------------+--------------------+-------------------+-----------+
| select                            | 2288.8927001953125 | 2.235246777534485 |     false |
| 	'pf fullscan',                                    |                    |                   |           |
| 	partid,                                    |                    |                   |           |
| 	clusterdid,                                    |                    |                   |           |
| 	num_col1,                                    |                    |                   |           |
| 	CURRENT_TIMESTAMP() t                                     |                    |                   |           |
| from `ml_dataset.bigdata_for_ev`  |                    |                   |           |
| where num_col1=12091139           |                    |                   |           |
+-----------------------------------+--------------------+-------------------+-----------+
select 
	'pf part', 
	partid, 
	clusterdid,
	CURRENT_TIMESTAMP() t  
from `ml_dataset.bigdata_for_ev` 
where num_col1=12091139 
and   partid = 10; -- at [2:1]
+---------+--------+------------+---------------------+
|   f0_   | partid | clusterdid |          t          |
+---------+--------+------------+---------------------+
| pf part |     10 |    9700146 | 2023-12-17 02:39:59 |
+---------+--------+------------+---------------------+
+-----------------------------------+----------------+----------------------+-----------+
|               query               |  processed_MB  |     Charges_yen      | cache_hit |
+-----------------------------------+----------------+----------------------+-----------+
| select                            | 22.88818359375 | 0.022351741790771484 |     false |
| 	'pf part',                                    |                |                      |           |
| 	partid,                                    |                |                      |           |
| 	clusterdid,                                   |                |                      |           |
| 	CURRENT_TIMESTAMP() t                                     |                |                      |           |
| from `ml_dataset.bigdata_for_ev`  |                |                      |           |
| where num_col1=12091139           |                |                      |           |
| and   partid = 10                 |                |                      |           |
+-----------------------------------+----------------+----------------------+-----------+
select 
	'pf part+cluster', 
	partid, 
	clusterdid,
	CURRENT_TIMESTAMP() t 
from `ml_dataset.bigdata_for_ev`
where num_col1=12091139 
and   partid = 10
and   clusterdid=9700146; -- at [2:1]
+-----------------+--------+------------+---------------------+
|       f0_       | partid | clusterdid |          t          |
+-----------------+--------+------------+---------------------+
| pf part+cluster |     10 |    9700146 | 2023-12-17 02:40:59 |
+-----------------+--------+------------+---------------------+
+----------------------------------+-------------------+----------------------+-----------+
|              query               |   processed_MB    |     Charges_yen      | cache_hit |
+----------------------------------+-------------------+----------------------+-----------+
| select                           | 9.678291320800781 | 0.009451456367969513 |     false |
| 	'pf part+cluster',                                   |                   |                      |           |
| 	partid,                                   |                   |                      |           |
| 	clusterdid,                                  |                   |                      |           |
| 	CURRENT_TIMESTAMP() t                                   |                   |                      |           |
| from `ml_dataset.bigdata_for_ev` |                   |                      |           |
| where num_col1=12091139          |                   |                      |           |
| and   partid = 10                |                   |                      |           |
| and   clusterdid=9700146         |                   |                      |           |
+----------------------------------+-------------------+----------------------+-----------+
